<?xml version="1.0" encoding="UTF-8"?>
<!-- Generated by org.testng.reporters.JUnitReportReporter -->
<testsuite skipped="0" hostname="DESKTOP-A4FB06C" name="test.TestStole" tests="1" failures="0" timestamp="2020-11-15T15:52:56 ART" time="40.486" errors="0">
  <testcase name="test" time="40.486" classname="test.TestStole"/>
</testsuite> <!-- test.TestStole -->
