<?xml version="1.0" encoding="UTF-8"?>
<!-- Generated by org.testng.reporters.JUnitReportReporter -->
<testsuite skipped="0" hostname="DESKTOP-A4FB06C" name="test.Test1" tests="1" failures="0" timestamp="2020-11-13T22:32:46 ART" time="19.811" errors="0">
  <testcase name="test" time="19.811" classname="test.Test1"/>
</testsuite> <!-- test.Test1 -->
